  Application.cpp
C:\GitHub\Bomb aux\Bomberman\Bomberman\Source\Animation.h(55,19): warning C4244: 'initializing': conversion from 'const float' to 'int', possible loss of data
C:\GitHub\Bomb aux\Bomberman\Bomberman\Source\Animation.h(57,30): warning C4244: '=': conversion from 'float' to 'int', possible loss of data
  Collider.cpp
  CoreMechaWalker.cpp
  Enemy.cpp
C:\GitHub\Bomb aux\Bomberman\Bomberman\Source\Animation.h(55,19): warning C4244: 'initializing': conversion from 'const float' to 'int', possible loss of data
C:\GitHub\Bomb aux\Bomberman\Bomberman\Source\Animation.h(57,30): warning C4244: '=': conversion from 'float' to 'int', possible loss of data
  Globals.cpp
  MiddleStructure.cpp
C:\GitHub\Bomb aux\Bomberman\Bomberman\Source\Animation.h(55,19): warning C4244: 'initializing': conversion from 'const float' to 'int', possible loss of data
C:\GitHub\Bomb aux\Bomberman\Bomberman\Source\Animation.h(57,30): warning C4244: '=': conversion from 'float' to 'int', possible loss of data
  ModuleAudio.cpp
  ModuleCollisions.cpp
  ModuleEnemies.cpp
C:\GitHub\Bomb aux\Bomberman\Bomberman\Source\Animation.h(55,19): warning C4244: 'initializing': conversion from 'const float' to 'int', possible loss of data
C:\GitHub\Bomb aux\Bomberman\Bomberman\Source\Animation.h(57,30): warning C4244: '=': conversion from 'float' to 'int', possible loss of data
  ModuleFadeToBlack.cpp
C:\GitHub\Bomb aux\Bomberman\Bomberman\Source\ModuleFadeToBlack.cpp(78,19): warning C4244: '=': conversion from 'float' to 'Uint32', possible loss of data
  ModuleFonts.cpp
  ModuleParticles.cpp
C:\GitHub\Bomb aux\Bomberman\Bomberman\Source\Animation.h(55,19): warning C4244: 'initializing': conversion from 'const float' to 'int', possible loss of data
C:\GitHub\Bomb aux\Bomberman\Bomberman\Source\Animation.h(57,30): warning C4244: '=': conversion from 'float' to 'int', possible loss of data
  Orb.cpp
C:\GitHub\Bomb aux\Bomberman\Bomberman\Source\Animation.h(55,19): warning C4244: 'initializing': conversion from 'const float' to 'int', possible loss of data
C:\GitHub\Bomb aux\Bomberman\Bomberman\Source\Animation.h(57,30): warning C4244: '=': conversion from 'float' to 'int', possible loss of data
  Pokapoka.cpp
C:\GitHub\Bomb aux\Bomberman\Bomberman\Source\Animation.h(55,19): warning C4244: 'initializing': conversion from 'const float' to 'int', possible loss of data
C:\GitHub\Bomb aux\Bomberman\Bomberman\Source\Animation.h(57,30): warning C4244: '=': conversion from 'float' to 'int', possible loss of data
  SceneIntro.cpp
C:\GitHub\Bomb aux\Bomberman\Bomberman\Source\Animation.h(55,19): warning C4244: 'initializing': conversion from 'const float' to 'int', possible loss of data
C:\GitHub\Bomb aux\Bomberman\Bomberman\Source\Animation.h(57,30): warning C4244: '=': conversion from 'float' to 'int', possible loss of data
  SceneLevel1.cpp
C:\GitHub\Bomb aux\Bomberman\Bomberman\Source\Animation.h(55,19): warning C4244: 'initializing': conversion from 'const float' to 'int', possible loss of data
C:\GitHub\Bomb aux\Bomberman\Bomberman\Source\Animation.h(57,30): warning C4244: '=': conversion from 'float' to 'int', possible loss of data
  ModuleInput.cpp
  ModulePlayer.cpp
C:\GitHub\Bomb aux\Bomberman\Bomberman\Source\Animation.h(55,19): warning C4244: 'initializing': conversion from 'const float' to 'int', possible loss of data
C:\GitHub\Bomb aux\Bomberman\Bomberman\Source\Animation.h(57,30): warning C4244: '=': conversion from 'float' to 'int', possible loss of data
  ModuleRender.cpp
C:\GitHub\Bomb aux\Bomberman\Bomberman\Source\ModuleRender.cpp(88,34): warning C4244: '-=': conversion from 'float' to 'int', possible loss of data
C:\GitHub\Bomb aux\Bomberman\Bomberman\Source\ModuleRender.cpp(89,34): warning C4244: '-=': conversion from 'float' to 'int', possible loss of data
C:\GitHub\Bomb aux\Bomberman\Bomberman\Source\ModuleRender.cpp(126,34): warning C4244: '-=': conversion from 'float' to 'int', possible loss of data
C:\GitHub\Bomb aux\Bomberman\Bomberman\Source\ModuleRender.cpp(127,34): warning C4244: '-=': conversion from 'float' to 'int', possible loss of data
  ModuleTextures.cpp
  Generating Code...
  Compiling...
  ModuleWindow.cpp
  Main.cpp
  Module.cpp
  Particle.cpp
C:\GitHub\Bomb aux\Bomberman\Bomberman\Source\Animation.h(55,19): warning C4244: 'initializing': conversion from 'const float' to 'int', possible loss of data
C:\GitHub\Bomb aux\Bomberman\Bomberman\Source\Animation.h(57,30): warning C4244: '=': conversion from 'float' to 'int', possible loss of data
C:\GitHub\Bomb aux\Bomberman\Bomberman\Source\Particle.cpp(39,19): warning C4018: '>=': signed/unsigned mismatch
  Path.cpp
C:\GitHub\Bomb aux\Bomberman\Bomberman\Source\Animation.h(55,19): warning C4244: 'initializing': conversion from 'const float' to 'int', possible loss of data
C:\GitHub\Bomb aux\Bomberman\Bomberman\Source\Animation.h(57,30): warning C4244: '=': conversion from 'float' to 'int', possible loss of data
  YellowFlower.cpp
C:\GitHub\Bomb aux\Bomberman\Bomberman\Source\Animation.h(55,19): warning C4244: 'initializing': conversion from 'const float' to 'int', possible loss of data
C:\GitHub\Bomb aux\Bomberman\Bomberman\Source\Animation.h(57,30): warning C4244: '=': conversion from 'float' to 'int', possible loss of data
  Generating Code...
  Bomberman.vcxproj -> C:\GitHub\Bomb aux\Bomberman\Debug\Bomberman.exe
